app/build/intermediates/manifest_merge_blame_file/release/manifest-merger-blame-release-report.txt
1<?xml version="1.0" encoding="utf-8"?>
2<manifest xmlns:android="http://schemas.android.com/apk/res/android"
3    package="com.doodt.tiktok"
4    android:versionCode="2"
5    android:versionName="2.0" >
6
7    <uses-sdk
8        android:minSdkVersion="21"
9        android:targetSdkVersion="34" />
10
11    <uses-permission android:name="android.permission.INTERNET" /> <!-- 网络权限 -->
11-->src\main\AndroidManifest.xml:4:5-67
11-->src\main\AndroidManifest.xml:4:22-64
12    <uses-permission android:name="android.permission.KILL_BACKGROUND_PROCESSES" />
12-->src\main\AndroidManifest.xml:5:5-84
12-->src\main\AndroidManifest.xml:5:22-81
13    <uses-permission android:name="android.permission.WRITE_EXTERNAL_STORAGE" />
13-->src\main\AndroidManifest.xml:6:5-81
13-->src\main\AndroidManifest.xml:6:22-78
14    <uses-permission android:name="android.permission.READ_EXTERNAL_STORAGE" />
14-->src\main\AndroidManifest.xml:7:5-80
14-->src\main\AndroidManifest.xml:7:22-77
15    <uses-permission android:name="android.permission.ACCESS_NETWORK_STATE" /> <!-- This permission is required to start foreground services in Android P. -->
15-->[androidx.media3:media3-common:1.2.0] AndroidManifest.xml:22:5-79
15-->[androidx.media3:media3-common:1.2.0] AndroidManifest.xml:22:22-76
16    <uses-permission android:name="android.permission.FOREGROUND_SERVICE" />
16-->[com.google.android.gms:play-services-cast-framework:21.3.0] AndroidManifest.xml:12:5-77
16-->[com.google.android.gms:play-services-cast-framework:21.3.0] AndroidManifest.xml:12:22-74
17
18    <queries>
18-->[com.google.android.gms:play-services-cast-framework:21.3.0] AndroidManifest.xml:14:5-16:15
19        <package android:name="com.google.android.gms.policy_cast_dynamite" />
19-->[com.google.android.gms:play-services-cast-framework:21.3.0] AndroidManifest.xml:15:9-79
19-->[com.google.android.gms:play-services-cast-framework:21.3.0] AndroidManifest.xml:15:18-76
20    </queries>
21
22    <application
22-->src\main\AndroidManifest.xml:9:5-34:19
23        android:name="com.doodt.tiktok.TiktokApplication"
23-->src\main\AndroidManifest.xml:10:9-42
24        android:allowBackup="true"
24-->src\main\AndroidManifest.xml:11:9-35
25        android:appComponentFactory="androidx.core.app.CoreComponentFactory"
25-->[androidx.core:core:1.8.0] AndroidManifest.xml:24:18-86
26        android:extractNativeLibs="true"
27        android:icon="@drawable/icon_tiktok"
27-->src\main\AndroidManifest.xml:12:9-45
28        android:label="@string/app_name"
28-->src\main\AndroidManifest.xml:13:9-41
29        android:networkSecurityConfig="@xml/network_security_config"
29-->src\main\AndroidManifest.xml:14:9-69
30        android:roundIcon="@drawable/icon_tiktok"
30-->src\main\AndroidManifest.xml:15:9-50
31        android:supportsRtl="true"
31-->src\main\AndroidManifest.xml:16:9-35
32        android:theme="@style/AppTheme" >
32-->src\main\AndroidManifest.xml:17:9-40
33
34        <!-- 启动页 -->
35        <activity
35-->src\main\AndroidManifest.xml:19:9-27:20
36            android:name="com.doodt.tiktok.activity.SplashActivity"
36-->src\main\AndroidManifest.xml:20:13-52
37            android:exported="true" >
37-->src\main\AndroidManifest.xml:21:13-36
38            <intent-filter>
38-->src\main\AndroidManifest.xml:22:13-26:29
39                <action android:name="android.intent.action.MAIN" />
39-->src\main\AndroidManifest.xml:23:17-69
39-->src\main\AndroidManifest.xml:23:25-66
40
41                <category android:name="android.intent.category.LAUNCHER" />
41-->src\main\AndroidManifest.xml:25:17-77
41-->src\main\AndroidManifest.xml:25:27-74
42            </intent-filter>
43        </activity>
44        <activity
44-->src\main\AndroidManifest.xml:28:9-32:52
45            android:name="com.doodt.tiktok.activity.MainActivity"
45-->src\main\AndroidManifest.xml:30:13-50
46            android:configChanges="keyboard|keyboardHidden|orientation|screenSize|screenLayout|smallestScreenSize|uiMode"
46-->src\main\AndroidManifest.xml:31:13-122
47            android:launchMode="singleTask"
47-->src\main\AndroidManifest.xml:29:13-44
48            android:screenOrientation="portrait" />
48-->src\main\AndroidManifest.xml:32:13-49
49        <activity android:name="com.doodt.tiktok.activity.SettingActivity" />
49-->src\main\AndroidManifest.xml:33:9-62
49-->src\main\AndroidManifest.xml:33:19-59
50
51        <receiver
51-->[com.google.android.gms:play-services-cast-framework:21.3.0] AndroidManifest.xml:19:9-21:40
52            android:name="com.google.android.gms.cast.framework.media.MediaIntentReceiver"
52-->[com.google.android.gms:play-services-cast-framework:21.3.0] AndroidManifest.xml:20:13-91
53            android:exported="false" />
53-->[com.google.android.gms:play-services-cast-framework:21.3.0] AndroidManifest.xml:21:13-37
54
55        <service
55-->[com.google.android.gms:play-services-cast-framework:21.3.0] AndroidManifest.xml:23:9-25:40
56            android:name="com.google.android.gms.cast.framework.ReconnectionService"
56-->[com.google.android.gms:play-services-cast-framework:21.3.0] AndroidManifest.xml:24:13-85
57            android:exported="false" />
57-->[com.google.android.gms:play-services-cast-framework:21.3.0] AndroidManifest.xml:25:13-37
58
59        <activity
59-->[com.google.android.gms:play-services-base:18.0.1] AndroidManifest.xml:20:9-22:45
60            android:name="com.google.android.gms.common.api.GoogleApiActivity"
60-->[com.google.android.gms:play-services-base:18.0.1] AndroidManifest.xml:20:19-85
61            android:exported="false"
61-->[com.google.android.gms:play-services-base:18.0.1] AndroidManifest.xml:22:19-43
62            android:theme="@android:style/Theme.Translucent.NoTitleBar" />
62-->[com.google.android.gms:play-services-base:18.0.1] AndroidManifest.xml:21:19-78
63
64        <meta-data
64-->[com.google.android.gms:play-services-basement:18.0.0] AndroidManifest.xml:21:9-23:69
65            android:name="com.google.android.gms.version"
65-->[com.google.android.gms:play-services-basement:18.0.0] AndroidManifest.xml:22:13-58
66            android:value="@integer/google_play_services_version" />
66-->[com.google.android.gms:play-services-basement:18.0.0] AndroidManifest.xml:23:13-66
67
68        <service
68-->[com.google.android.datatransport:transport-backend-cct:3.1.3] AndroidManifest.xml:29:9-35:19
69            android:name="com.google.android.datatransport.runtime.backends.TransportBackendDiscovery"
69-->[com.google.android.datatransport:transport-backend-cct:3.1.3] AndroidManifest.xml:30:13-103
70            android:exported="false" >
70-->[com.google.android.datatransport:transport-backend-cct:3.1.3] AndroidManifest.xml:31:13-37
71            <meta-data
71-->[com.google.android.datatransport:transport-backend-cct:3.1.3] AndroidManifest.xml:32:13-34:39
72                android:name="backend:com.google.android.datatransport.cct.CctBackendFactory"
72-->[com.google.android.datatransport:transport-backend-cct:3.1.3] AndroidManifest.xml:33:17-94
73                android:value="cct" />
73-->[com.google.android.datatransport:transport-backend-cct:3.1.3] AndroidManifest.xml:34:17-36
74        </service>
75        <service
75-->[com.google.android.datatransport:transport-runtime:3.1.3] AndroidManifest.xml:26:9-30:19
76            android:name="com.google.android.datatransport.runtime.scheduling.jobscheduling.JobInfoSchedulerService"
76-->[com.google.android.datatransport:transport-runtime:3.1.3] AndroidManifest.xml:27:13-117
77            android:exported="false"
77-->[com.google.android.datatransport:transport-runtime:3.1.3] AndroidManifest.xml:28:13-37
78            android:permission="android.permission.BIND_JOB_SERVICE" >
78-->[com.google.android.datatransport:transport-runtime:3.1.3] AndroidManifest.xml:29:13-69
79        </service>
80
81        <receiver
81-->[com.google.android.datatransport:transport-runtime:3.1.3] AndroidManifest.xml:32:9-34:40
82            android:name="com.google.android.datatransport.runtime.scheduling.jobscheduling.AlarmManagerSchedulerBroadcastReceiver"
82-->[com.google.android.datatransport:transport-runtime:3.1.3] AndroidManifest.xml:33:13-132
83            android:exported="false" />
83-->[com.google.android.datatransport:transport-runtime:3.1.3] AndroidManifest.xml:34:13-37
84    </application>
85
86</manifest>